[debug] [2023-04-05T04:26:07.485Z] ----------------------------------------------------------------------
[debug] [2023-04-05T04:26:07.489Z] Command:       /home/chicmic/.nvm/versions/node/v18.14.2/bin/node /home/chicmic/.nvm/versions/node/v18.14.2/bin/firebase init
[debug] [2023-04-05T04:26:07.490Z] CLI Version:   11.25.2
[debug] [2023-04-05T04:26:07.491Z] Platform:      linux
[debug] [2023-04-05T04:26:07.491Z] Node Version:  v18.14.2
[debug] [2023-04-05T04:26:07.492Z] Time:          Wed Apr 05 2023 09:56:07 GMT+0530 (India Standard Time)
[debug] [2023-04-05T04:26:07.492Z] ----------------------------------------------------------------------
[debug] 
[debug] [2023-04-05T04:26:07.605Z] > command requires scopes: ["email","openid","https://www.googleapis.com/auth/cloudplatformprojects.readonly","https://www.googleapis.com/auth/firebase","https://www.googleapis.com/auth/cloud-platform"]
[debug] [2023-04-05T04:26:07.605Z] > authorizing via signed-in user (rhythm.sharma@chicmic.co.in)
[info] 
     ######## #### ########  ######## ########     ###     ######  ########
     ##        ##  ##     ## ##       ##     ##  ##   ##  ##       ##
     ######    ##  ########  ######   ########  #########  ######  ######
     ##        ##  ##    ##  ##       ##     ## ##     ##       ## ##
     ##       #### ##     ## ######## ########  ##     ##  ######  ########

You're about to initialize a Firebase project in this directory:

  /home/chicmic/spotifyClone

Before we get started, keep in mind:

  * You are initializing within an existing Firebase project directory

[info] 
=== Project Setup
[info] 
[info] First, let's associate this project directory with a Firebase project.
[info] You can create multiple project aliases by running firebase use --add, 
[info] but for now we'll just set up a default project.
[info] 
[debug] [2023-04-05T04:26:18.446Z] Using project from CLI flag: spotify-clone-c20c4
[debug] [2023-04-05T04:26:18.449Z] > refreshing access token with scopes: []
[debug] [2023-04-05T04:26:18.453Z] >>> [apiv2][query] POST https://www.googleapis.com/oauth2/v3/token [none]
[debug] [2023-04-05T04:26:18.454Z] >>> [apiv2][body] POST https://www.googleapis.com/oauth2/v3/token [omitted]
[debug] [2023-04-05T04:26:18.867Z] <<< [apiv2][status] POST https://www.googleapis.com/oauth2/v3/token 200
[debug] [2023-04-05T04:26:18.868Z] <<< [apiv2][body] POST https://www.googleapis.com/oauth2/v3/token [omitted]
[debug] [2023-04-05T04:26:18.875Z] >>> [apiv2][query] GET https://firebase.googleapis.com/v1beta1/projects/spotify-clone-c20c4 [none]
[debug] [2023-04-05T04:26:20.359Z] <<< [apiv2][status] GET https://firebase.googleapis.com/v1beta1/projects/spotify-clone-c20c4 200
[debug] [2023-04-05T04:26:20.359Z] <<< [apiv2][body] GET https://firebase.googleapis.com/v1beta1/projects/spotify-clone-c20c4 {"projectId":"spotify-clone-c20c4","projectNumber":"801151119175","displayName":"Spotify Clone","name":"projects/spotify-clone-c20c4","resources":{"hostingSite":"spotify-clone-c20c4","realtimeDatabaseInstance":"spotify-clone-c20c4-default-rtdb"},"state":"ACTIVE","etag":"1_96caa6b5-22c0-4da1-af5e-570bd6e08e83"}
[info] i  Using project spotify-clone-c20c4 (Spotify Clone) 
[info] 
=== Database Setup
[info] i  database: ensuring required API firebasedatabase.googleapis.com is enabled... 
[debug] [2023-04-05T04:26:20.367Z] >>> [apiv2][query] GET https://serviceusage.googleapis.com/v1/projects/spotify-clone-c20c4/services/firebasedatabase.googleapis.com [none]
[debug] [2023-04-05T04:26:20.368Z] >>> [apiv2][(partial)header] GET https://serviceusage.googleapis.com/v1/projects/spotify-clone-c20c4/services/firebasedatabase.googleapis.com x-goog-quota-user=projects/spotify-clone-c20c4
[debug] [2023-04-05T04:26:22.593Z] <<< [apiv2][status] GET https://serviceusage.googleapis.com/v1/projects/spotify-clone-c20c4/services/firebasedatabase.googleapis.com 200
[debug] [2023-04-05T04:26:22.593Z] <<< [apiv2][body] GET https://serviceusage.googleapis.com/v1/projects/spotify-clone-c20c4/services/firebasedatabase.googleapis.com [omitted]
[info] ✔  database: required API firebasedatabase.googleapis.com is enabled 
[info] 
[debug] [2023-04-05T04:26:22.595Z] >>> [apiv2][query] GET https://firebasedatabase.googleapis.com/v1beta/projects/spotify-clone-c20c4/locations/-/instances/spotify-clone-c20c4-default-rtdb [none]
[debug] [2023-04-05T04:26:24.522Z] <<< [apiv2][status] GET https://firebasedatabase.googleapis.com/v1beta/projects/spotify-clone-c20c4/locations/-/instances/spotify-clone-c20c4-default-rtdb 200
[debug] [2023-04-05T04:26:24.523Z] <<< [apiv2][body] GET https://firebasedatabase.googleapis.com/v1beta/projects/spotify-clone-c20c4/locations/-/instances/spotify-clone-c20c4-default-rtdb {"name":"projects/801151119175/locations/us-central1/instances/spotify-clone-c20c4-default-rtdb","project":"projects/801151119175","databaseUrl":"https://spotify-clone-c20c4-default-rtdb.firebaseio.com","type":"DEFAULT_DATABASE","state":"ACTIVE"}
[info] 
[info] Firebase Realtime Database Security Rules allow you to define how your data should be
[info] structured and when your data can be read from and written to.
[info] 
[debug] [2023-04-05T04:26:49.404Z] >>> [apiv2][query] GET https://spotify-clone-c20c4-default-rtdb.firebaseio.com/.settings/rules.json [none]
[debug] [2023-04-05T04:26:51.111Z] <<< [apiv2][status] GET https://spotify-clone-c20c4-default-rtdb.firebaseio.com/.settings/rules.json 200
[debug] [2023-04-05T04:26:51.112Z] <<< [apiv2][body] GET https://spotify-clone-c20c4-default-rtdb.firebaseio.com/.settings/rules.json [stream]
[info] ✔  Database Rules for spotify-clone-c20c4-default-rtdb have been written to database.rules.json. 
[info] Future modifications to database.rules.json will update Realtime Database Security Rules when you run
[info] firebase deploy.
[info] 
=== Firestore Setup
[debug] [2023-04-05T04:26:51.120Z] >>> [apiv2][query] GET https://serviceusage.googleapis.com/v1/projects/spotify-clone-c20c4/services/firestore.googleapis.com [none]
[debug] [2023-04-05T04:26:51.120Z] >>> [apiv2][(partial)header] GET https://serviceusage.googleapis.com/v1/projects/spotify-clone-c20c4/services/firestore.googleapis.com x-goog-quota-user=projects/spotify-clone-c20c4
[debug] [2023-04-05T04:26:53.067Z] <<< [apiv2][status] GET https://serviceusage.googleapis.com/v1/projects/spotify-clone-c20c4/services/firestore.googleapis.com 200
[debug] [2023-04-05T04:26:53.067Z] <<< [apiv2][body] GET https://serviceusage.googleapis.com/v1/projects/spotify-clone-c20c4/services/firestore.googleapis.com [omitted]
[debug] [2023-04-05T04:26:53.068Z] >>> [apiv2][query] GET https://firestore.googleapis.com/v1/projects/spotify-clone-c20c4/databases/(default) [none]
[debug] [2023-04-05T04:26:53.536Z] <<< [apiv2][status] GET https://firestore.googleapis.com/v1/projects/spotify-clone-c20c4/databases/(default) 200
[debug] [2023-04-05T04:26:53.536Z] <<< [apiv2][body] GET https://firestore.googleapis.com/v1/projects/spotify-clone-c20c4/databases/(default) {"name":"projects/spotify-clone-c20c4/databases/(default)","uid":"46c5e2f8-da5b-4bb5-93bd-298b27739fc5","createTime":"2023-04-03T11:05:57.472338Z","updateTime":"2023-04-03T11:05:57.472338Z","locationId":"asia-south1","type":"FIRESTORE_NATIVE","concurrencyMode":"PESSIMISTIC","appEngineIntegrationMode":"DISABLED","keyPrefix":"j","deleteProtectionState":"DELETE_PROTECTION_DISABLED","etag":"IPyg85zzkf4CMIGHuu+KkP4C"}
[debug] [2023-04-05T04:26:53.537Z] database_type: FIRESTORE_NATIVE
[debug] [2023-04-05T04:26:53.537Z] > command requires scopes: ["email","openid","https://www.googleapis.com/auth/cloudplatformprojects.readonly","https://www.googleapis.com/auth/firebase","https://www.googleapis.com/auth/cloud-platform"]
[debug] [2023-04-05T04:26:53.537Z] > authorizing via signed-in user (rhythm.sharma@chicmic.co.in)
[debug] [2023-04-05T04:26:53.538Z] [iam] checking project spotify-clone-c20c4 for permissions ["firebase.projects.get"]
[debug] [2023-04-05T04:26:53.538Z] >>> [apiv2][query] POST https://cloudresourcemanager.googleapis.com/v1/projects/spotify-clone-c20c4:testIamPermissions [none]
[debug] [2023-04-05T04:26:53.538Z] >>> [apiv2][(partial)header] POST https://cloudresourcemanager.googleapis.com/v1/projects/spotify-clone-c20c4:testIamPermissions x-goog-quota-user=projects/spotify-clone-c20c4
[debug] [2023-04-05T04:26:53.538Z] >>> [apiv2][body] POST https://cloudresourcemanager.googleapis.com/v1/projects/spotify-clone-c20c4:testIamPermissions {"permissions":["firebase.projects.get"]}
[debug] [2023-04-05T04:26:56.387Z] <<< [apiv2][status] POST https://cloudresourcemanager.googleapis.com/v1/projects/spotify-clone-c20c4:testIamPermissions 200
[debug] [2023-04-05T04:26:56.388Z] <<< [apiv2][body] POST https://cloudresourcemanager.googleapis.com/v1/projects/spotify-clone-c20c4:testIamPermissions {"permissions":["firebase.projects.get"]}
[info] 
[info] Firestore Security Rules allow you to define how and when to allow
[info] requests. You can keep these rules in your project directory
[info] and publish them with firebase deploy.
[info] 
[debug] [2023-04-05T04:26:58.448Z] >>> [apiv2][query] GET https://firebaserules.googleapis.com/v1/projects/spotify-clone-c20c4/releases pageSize=10&pageToken=
[debug] [2023-04-05T04:27:00.249Z] <<< [apiv2][status] GET https://firebaserules.googleapis.com/v1/projects/spotify-clone-c20c4/releases 200
[debug] [2023-04-05T04:27:00.249Z] <<< [apiv2][body] GET https://firebaserules.googleapis.com/v1/projects/spotify-clone-c20c4/releases {"releases":[{"name":"projects/spotify-clone-c20c4/releases/cloud.firestore","rulesetName":"projects/spotify-clone-c20c4/rulesets/07900297-4b20-49a7-a19e-f311f06b371c","createTime":"2023-04-03T11:06:04.428790Z","updateTime":"2023-04-03T11:06:04.428790Z"}]}
[debug] [2023-04-05T04:27:00.250Z] Found ruleset: projects/spotify-clone-c20c4/rulesets/07900297-4b20-49a7-a19e-f311f06b371c
[debug] [2023-04-05T04:27:00.251Z] >>> [apiv2][query] GET https://firebaserules.googleapis.com/v1/projects/spotify-clone-c20c4/rulesets/07900297-4b20-49a7-a19e-f311f06b371c [none]
[debug] [2023-04-05T04:27:01.835Z] <<< [apiv2][status] GET https://firebaserules.googleapis.com/v1/projects/spotify-clone-c20c4/rulesets/07900297-4b20-49a7-a19e-f311f06b371c 200
[debug] [2023-04-05T04:27:01.835Z] <<< [apiv2][body] GET https://firebaserules.googleapis.com/v1/projects/spotify-clone-c20c4/rulesets/07900297-4b20-49a7-a19e-f311f06b371c [omitted]
[info] 
[info] Firestore indexes allow you to perform complex queries while
[info] maintaining performance that scales with the size of the result
[info] set. You can keep index definitions in your project directory
[info] and publish them with firebase deploy.
[info] 
[debug] [2023-04-05T04:27:03.100Z] >>> [apiv2][query] GET https://firestore.googleapis.com/v1/projects/spotify-clone-c20c4/databases/(default)/collectionGroups/-/indexes [none]
[debug] [2023-04-05T04:27:03.107Z] >>> [apiv2][query] GET https://firestore.googleapis.com/v1/projects/spotify-clone-c20c4/databases/(default)/collectionGroups/-/fields?filter=indexConfig.usesAncestorConfig=false OR ttlConfig:* [none]
[debug] [2023-04-05T04:27:03.519Z] <<< [apiv2][status] GET https://firestore.googleapis.com/v1/projects/spotify-clone-c20c4/databases/(default)/collectionGroups/-/indexes 200
[debug] [2023-04-05T04:27:03.519Z] <<< [apiv2][body] GET https://firestore.googleapis.com/v1/projects/spotify-clone-c20c4/databases/(default)/collectionGroups/-/indexes {}
[debug] [2023-04-05T04:27:03.772Z] <<< [apiv2][status] GET https://firestore.googleapis.com/v1/projects/spotify-clone-c20c4/databases/(default)/collectionGroups/-/fields?filter=indexConfig.usesAncestorConfig=false OR ttlConfig:* 200
[debug] [2023-04-05T04:27:03.772Z] <<< [apiv2][body] GET https://firestore.googleapis.com/v1/projects/spotify-clone-c20c4/databases/(default)/collectionGroups/-/fields?filter=indexConfig.usesAncestorConfig=false OR ttlConfig:* {"fields":[{"name":"projects/spotify-clone-c20c4/databases/(default)/collectionGroups/__default__/fields/*","indexConfig":{"indexes":[{"queryScope":"COLLECTION","fields":[{"fieldPath":"*","order":"ASCENDING"}],"state":"READY"},{"queryScope":"COLLECTION","fields":[{"fieldPath":"*","order":"DESCENDING"}],"state":"READY"},{"queryScope":"COLLECTION","fields":[{"fieldPath":"*","arrayConfig":"CONTAINS"}],"state":"READY"}]}}]}
[info] 
=== Functions Setup
[debug] [2023-04-05T04:27:03.776Z] > command requires scopes: ["email","openid","https://www.googleapis.com/auth/cloudplatformprojects.readonly","https://www.googleapis.com/auth/firebase","https://www.googleapis.com/auth/cloud-platform"]
[debug] [2023-04-05T04:27:03.777Z] > authorizing via signed-in user (rhythm.sharma@chicmic.co.in)
[debug] [2023-04-05T04:27:03.777Z] [iam] checking project spotify-clone-c20c4 for permissions ["firebase.projects.get"]
[debug] [2023-04-05T04:27:03.778Z] >>> [apiv2][query] POST https://cloudresourcemanager.googleapis.com/v1/projects/spotify-clone-c20c4:testIamPermissions [none]
[debug] [2023-04-05T04:27:03.778Z] >>> [apiv2][(partial)header] POST https://cloudresourcemanager.googleapis.com/v1/projects/spotify-clone-c20c4:testIamPermissions x-goog-quota-user=projects/spotify-clone-c20c4
[debug] [2023-04-05T04:27:03.779Z] >>> [apiv2][body] POST https://cloudresourcemanager.googleapis.com/v1/projects/spotify-clone-c20c4:testIamPermissions {"permissions":["firebase.projects.get"]}
[debug] [2023-04-05T04:27:05.282Z] <<< [apiv2][status] POST https://cloudresourcemanager.googleapis.com/v1/projects/spotify-clone-c20c4:testIamPermissions 200
[debug] [2023-04-05T04:27:05.282Z] <<< [apiv2][body] POST https://cloudresourcemanager.googleapis.com/v1/projects/spotify-clone-c20c4:testIamPermissions {"permissions":["firebase.projects.get"]}
[debug] [2023-04-05T04:27:05.283Z] >>> [apiv2][query] GET https://serviceusage.googleapis.com/v1/projects/spotify-clone-c20c4/services/cloudfunctions.googleapis.com [none]
[debug] [2023-04-05T04:27:05.283Z] >>> [apiv2][(partial)header] GET https://serviceusage.googleapis.com/v1/projects/spotify-clone-c20c4/services/cloudfunctions.googleapis.com x-goog-quota-user=projects/spotify-clone-c20c4
[debug] [2023-04-05T04:27:05.286Z] >>> [apiv2][query] GET https://serviceusage.googleapis.com/v1/projects/spotify-clone-c20c4/services/runtimeconfig.googleapis.com [none]
[debug] [2023-04-05T04:27:05.287Z] >>> [apiv2][(partial)header] GET https://serviceusage.googleapis.com/v1/projects/spotify-clone-c20c4/services/runtimeconfig.googleapis.com x-goog-quota-user=projects/spotify-clone-c20c4
[debug] [2023-04-05T04:27:07.199Z] <<< [apiv2][status] GET https://serviceusage.googleapis.com/v1/projects/spotify-clone-c20c4/services/cloudfunctions.googleapis.com 200
[debug] [2023-04-05T04:27:07.199Z] <<< [apiv2][body] GET https://serviceusage.googleapis.com/v1/projects/spotify-clone-c20c4/services/cloudfunctions.googleapis.com [omitted]
[debug] [2023-04-05T04:27:07.200Z] >>> [apiv2][query] POST https://serviceusage.googleapis.com/v1/projects/spotify-clone-c20c4/services/cloudfunctions.googleapis.com:enable [none]
[debug] [2023-04-05T04:27:07.201Z] >>> [apiv2][(partial)header] POST https://serviceusage.googleapis.com/v1/projects/spotify-clone-c20c4/services/cloudfunctions.googleapis.com:enable x-goog-quota-user=projects/spotify-clone-c20c4
[debug] [2023-04-05T04:27:08.443Z] <<< [apiv2][status] GET https://serviceusage.googleapis.com/v1/projects/spotify-clone-c20c4/services/runtimeconfig.googleapis.com 200
[debug] [2023-04-05T04:27:08.443Z] <<< [apiv2][body] GET https://serviceusage.googleapis.com/v1/projects/spotify-clone-c20c4/services/runtimeconfig.googleapis.com [omitted]
[debug] [2023-04-05T04:27:09.798Z] <<< [apiv2][status] POST https://serviceusage.googleapis.com/v1/projects/spotify-clone-c20c4/services/cloudfunctions.googleapis.com:enable 200
[debug] [2023-04-05T04:27:09.798Z] <<< [apiv2][body] POST https://serviceusage.googleapis.com/v1/projects/spotify-clone-c20c4/services/cloudfunctions.googleapis.com:enable [omitted]
[debug] [2023-04-05T04:27:19.808Z] >>> [apiv2][query] GET https://serviceusage.googleapis.com/v1/projects/spotify-clone-c20c4/services/cloudfunctions.googleapis.com [none]
[debug] [2023-04-05T04:27:19.809Z] >>> [apiv2][(partial)header] GET https://serviceusage.googleapis.com/v1/projects/spotify-clone-c20c4/services/cloudfunctions.googleapis.com x-goog-quota-user=projects/spotify-clone-c20c4
[debug] [2023-04-05T04:27:22.692Z] <<< [apiv2][status] GET https://serviceusage.googleapis.com/v1/projects/spotify-clone-c20c4/services/cloudfunctions.googleapis.com 200
[debug] [2023-04-05T04:27:22.692Z] <<< [apiv2][body] GET https://serviceusage.googleapis.com/v1/projects/spotify-clone-c20c4/services/cloudfunctions.googleapis.com [omitted]
[info] Let's create a new codebase for your functions.
[info] A directory corresponding to the codebase will be created in your project
[info] with sample code pre-configured.

[info] See https://firebase.google.com/docs/functions/organize-functions for
[info] more information on organizing your functions using codebases.

[info] Functions can be deployed with firebase deploy.

[info] ✔  Wrote functions/package.json 
[info] ✔  Wrote functions/.eslintrc.js 
[info] ✔  Wrote functions/tsconfig.json 
[info] ✔  Wrote functions/tsconfig.dev.json 
[info] ✔  Wrote functions/src/index.ts 
[info] ✔  Wrote functions/.gitignore 
[info] 
=== Hosting Setup
[info] 
[info] Your public directory is the folder (relative to your project directory) that
[info] will contain Hosting assets to be uploaded with firebase deploy. If you
[info] have a build process for your assets, use your build's output directory.
[info] 
[debug] [2023-04-05T04:33:42.248Z] >>> [apiv2][query] GET https://www.gstatic.com/firebasejs/releases.json [none]
[debug] [2023-04-05T04:33:43.814Z] <<< [apiv2][status] GET https://www.gstatic.com/firebasejs/releases.json 200
[debug] [2023-04-05T04:33:43.814Z] <<< [apiv2][body] GET https://www.gstatic.com/firebasejs/releases.json {"current":{"version":"9.19.1","browserURL":"https://www.gstatic.com/firebasejs/9.19.1/firebase.js","packageURL":"https://www.gstatic.com/firebasejs/9.19.1/firebase.tgz"},"live":{"version":"9.19","browserURL":"https://www.gstatic.com/firebasejs/live/9.19/firebase.js","packageURL":"https://www.gstatic.com/firebasejs/live/9.19/firebase.tgz"},"components":{"analytics":"https://www.gstatic.com/firebasejs/9.19.1/firebase-analytics.js","app":"https://www.gstatic.com/firebasejs/9.19.1/firebase-app.js","app-check":"https://www.gstatic.com/firebasejs/9.19.1/firebase-app-check.js","auth":"https://www.gstatic.com/firebasejs/9.19.1/firebase-auth.js","auth/cordova":"https://www.gstatic.com/firebasejs/9.19.1/firebase-auth/cordova.js","auth/react-native":"https://www.gstatic.com/firebasejs/9.19.1/firebase-auth/react-native.js","functions":"https://www.gstatic.com/firebasejs/9.19.1/firebase-functions.js","firestore":"https://www.gstatic.com/firebasejs/9.19.1/firebase-firestore.js","firestore/lite":"https://www.gstatic.com/firebasejs/9.19.1/firebase-firestore/lite.js","installations":"https://www.gstatic.com/firebasejs/9.19.1/firebase-installations.js","storage":"https://www.gstatic.com/firebasejs/9.19.1/firebase-storage.js","performance":"https://www.gstatic.com/firebasejs/9.19.1/firebase-performance.js","remote-config":"https://www.gstatic.com/firebasejs/9.19.1/firebase-remote-config.js","messaging":"https://www.gstatic.com/firebasejs/9.19.1/firebase-messaging.js","messaging/sw":"https://www.gstatic.com/firebasejs/9.19.1/firebase-messaging/sw.js","database":"https://www.gstatic.com/firebasejs/9.19.1/firebase-database.js","firestore.memory":"https://www.gstatic.com/firebasejs/9.19.1/firebase-firestore.memory.js"}}
[info] ✔  Wrote public/index.html 
[info] 
[info] i  Detected a .git folder at /home/chicmic/spotifyClone 
[info] i  Authorizing with GitHub to upload your service account to a GitHub repository's secrets store. 
[info] 
[info] Visit this URL on this device to log in:
[info] https://github.com/login/oauth/authorize?client_id=89cf50f02ac6aaed3484&state=135564889&redirect_uri=http%3A%2F%2Flocalhost%3A9005&scope=read%3Auser%20repo%20public_repo
[info] 
[info] Waiting for authentication...
